<?xml version="1.0" encoding="UTF-8"?>
<!-- Generated by org.testng.reporters.JUnitReportReporter -->
<testsuite hostname="Mypc" failures="0" tests="1" name="com.extractdata.test.Testapp" time="1.998" errors="0" timestamp="10 Aug 2021 02:44:25 GMT" skipped="0">
  <testcase classname="com.extractdata.test.Testapp" name="testOutput" time="1.998"/>
</testsuite> <!-- com.extractdata.test.Testapp -->
