<?xml version="1.0" encoding="UTF-8"?>
<!-- Generated by org.testng.reporters.JUnitReportReporter -->
<testsuite hostname="Mypc" failures="0" tests="1" name="com.extractdata.test.TestClass" time="1.265" errors="0" timestamp="09 Aug 2021 04:33:09 GMT" skipped="0">
  <testcase classname="com.extractdata.test.TestClass" name="testOutput" time="1.265"/>
</testsuite> <!-- com.extractdata.test.TestClass -->
