<?xml version="1.0" encoding="UTF-8"?>
<!-- Generated by org.testng.reporters.JUnitReportReporter -->
<testsuite hostname="Mypc" failures="0" tests="1" name="com.extractdata.test.Testapp" time="13.783" errors="0" timestamp="10 Aug 2021 04:21:07 GMT" skipped="0">
  <testcase classname="com.extractdata.test.Testapp" name="testOutput" time="13.783"/>
</testsuite> <!-- com.extractdata.test.Testapp -->
